<?xml version="1.0" encoding="UTF-8"?>
<testng-results skipped="0" failed="0" ignored="0" total="1" passed="1">
  <reporter-output>
  </reporter-output>
  <suite name="Default suite" duration-ms="41133" started-at="2020-09-26T14:00:32Z" finished-at="2020-09-26T14:01:13Z">
    <groups>
    </groups>
    <test name="Default test" duration-ms="41133" started-at="2020-09-26T14:00:32Z" finished-at="2020-09-26T14:01:13Z">
      <class name="org.amazon.test.Amazon_Test_001">
        <test-method status="PASS" signature="browser()[pri:0, instance:org.amazon.test.Amazon_Test_001@34c75a]" name="browser" is-config="true" duration-ms="19194" started-at="2020-09-26T14:00:32Z" finished-at="2020-09-26T14:00:51Z">
          <reporter-output>
          </reporter-output>
        </test-method> <!-- browser -->
        <test-method status="PASS" signature="Userfunction()[pri:0, instance:org.amazon.test.Amazon_Test_001@34c75a]" name="Userfunction" duration-ms="21900" started-at="2020-09-26T14:00:51Z" finished-at="2020-09-26T14:01:13Z">
          <reporter-output>
          </reporter-output>
        </test-method> <!-- Userfunction -->
      </class> <!-- org.amazon.test.Amazon_Test_001 -->
    </test> <!-- Default test -->
  </suite> <!-- Default suite -->
</testng-results>
